已經開始建置於 2014/1/15 上午 06:20:10。
     1>節點 2 (build 目標) 上的專案 "C:\Users\acer\documents\visual studio 2010\Projects\010900\010900\010900.vcxproj"。
     1>InitializeBuildStatus:
         由於指定了 "AlwaysCreate"，因此正在建立 "Debug\010900.unsuccessfulbuild"。
       ClCompile:
         C:\Program Files (x86)\Microsoft Visual Studio 10.0\VC\bin\CL.exe /c /ZI /nologo /W3 /WX- /Od /Oy- /D _MBCS /Gm /EHsc /RTC1 /MDd /GS /fp:precise /Zc:wchar_t /Zc:forScope /Fo"Debug\\" /Fd"Debug\vc100.pdb" /Gd /TP /analyze- /errorReport:prompt 010900.cpp
         010900.cpp
     1>c:\users\acer\documents\visual studio 2010\projects\010900\010900\010900.cpp(13): warning C4996: 'scanf': This function or variable may be unsafe. Consider using scanf_s instead. To disable deprecation, use _CRT_SECURE_NO_WARNINGS. See online help for details.
                 c:\program files (x86)\microsoft visual studio 10.0\vc\include\stdio.h(304) : 請參閱 'scanf' 的宣告
     1>c:\users\acer\documents\visual studio 2010\projects\010900\010900\010900.cpp(14): warning C4996: 'fopen': This function or variable may be unsafe. Consider using fopen_s instead. To disable deprecation, use _CRT_SECURE_NO_WARNINGS. See online help for details.
                 c:\program files (x86)\microsoft visual studio 10.0\vc\include\stdio.h(234) : 請參閱 'fopen' 的宣告
       Link:
         C:\Program Files (x86)\Microsoft Visual Studio 10.0\VC\bin\link.exe /ERRORREPORT:PROMPT /OUT:"C:\Users\acer\documents\visual studio 2010\Projects\010900\Debug\010900.exe" /NOLOGO kernel32.lib user32.lib gdi32.lib winspool.lib comdlg32.lib advapi32.lib shell32.lib ole32.lib oleaut32.lib uuid.lib odbc32.lib odbccp32.lib /MANIFEST /ManifestFile:"Debug\010900.exe.intermediate.manifest" /MANIFESTUAC:"level='asInvoker' uiAccess='false'" /DEBUG /PDB:"C:\Users\acer\documents\visual studio 2010\Projects\010900\Debug\010900.pdb" /TLBID:1 /DYNAMICBASE /NXCOMPAT /IMPLIB:"C:\Users\acer\documents\visual studio 2010\Projects\010900\Debug\010900.lib" /MACHINE:X86 Debug\010900.obj
         LINK : 最後的累加連結找不到或未建置 C:\Users\acer\documents\visual studio 2010\Projects\010900\Debug\010900.exe，正在執行完整連結
         010900.vcxproj -> C:\Users\acer\documents\visual studio 2010\Projects\010900\Debug\010900.exe
       Manifest:
         C:\Program Files (x86)\Microsoft SDKs\Windows\v7.0A\bin\mt.exe /nologo /verbose /outputresource:"C:\Users\acer\documents\visual studio 2010\Projects\010900\Debug\010900.exe;#1" /manifest Debug\010900.exe.intermediate.manifest
       FinalizeBuildStatus:
         正在刪除檔案 "Debug\010900.unsuccessfulbuild"。
         正在變更時間戳記 "Debug\010900.lastbuildstate"。
     1>專案 "C:\Users\acer\documents\visual studio 2010\Projects\010900\010900\010900.vcxproj" (build 目標) 建置完成。

建置成功。

經過時間 00:00:00.62
